mkdir djangogeek
cd djangogeek
python3 -m venv myvenv
cd myvenv
. bin/activate
pip install --upgrade pip
pip install Django
django-admin startproject mysite
cd mysite
vim mysite/settings.py
# amend LANGUAGE_CODE = 'fr-fr'
# amend TIME_ZONE = 'Europe/Paris'
# amend STATIC_ROOT = os.path.join(BASE_DIR, 'static')
# amend ALLOWED_HOSTS = ['127.0.0.1', '.pythonanywhere.com']
python manage.py migrate
python manage.py startapp purchases
vim mysite/settings.py
# amend INSTALLED_APPS = [..., purchases,]
vim purchases/models.py
python manage.py makemigrations purchases
python manage.py migrate purchases
vim purchases/admin.py
vim purchases/views.py
